<?xml version="1.0" encoding="UTF-8"?>
<!-- Generated by org.testng.reporters.JUnitXMLReporter -->
<testsuite ignored="0" hostname="DESKTOP-OFM17T7" failures="0" tests="4" name="Default test" time="58.055" errors="0" timestamp="2025-11-13T21:11:03 NPT">
  <testcase classname="testcases.ChatGPTToCodeChefTest_WithTestNG" name="runTest" time="10.363"/>
  <testcase classname="testcases.ChatGPTToCodeChefTest_WithTestNG" name="runTest" time="10.279"/>
  <testcase classname="testcases.ChatGPTToCodeChefTest_WithTestNG" name="runTest" time="10.28"/>
  <testcase classname="testcases.ChatGPTToCodeChefTest_WithTestNG" name="runTest" time="10.256"/>
</testsuite> <!-- Default test -->
