<?xml version="1.0" encoding="UTF-8"?>
<testng-results ignored="0" total="4" passed="4" failed="0" skipped="0">
  <reporter-output>
  </reporter-output>
  <suite started-at="2025-11-13T21:10:04 NPT" name="Default suite" finished-at="2025-11-13T21:11:03 NPT" duration-ms="58055">
    <groups>
    </groups>
    <test started-at="2025-11-13T21:10:04 NPT" name="Default test" finished-at="2025-11-13T21:11:03 NPT" duration-ms="58055">
      <class name="testcases.ChatGPTToCodeChefTest_WithTestNG">
        <test-method is-config="true" signature="setup()[pri:0, instance:testcases.ChatGPTToCodeChefTest_WithTestNG@1e178745]" started-at="2025-11-13T21:10:05 NPT" name="setup" finished-at="2025-11-13T21:10:21 NPT" duration-ms="16500" status="PASS">
          <reporter-output>
          </reporter-output>
        </test-method> <!-- setup -->
        <test-method signature="runTest(utils.CSVDataReader$Case)[pri:0, instance:testcases.ChatGPTToCodeChefTest_WithTestNG@1e178745]" started-at="2025-11-13T21:10:21 NPT" name="runTest" data-provider="csvData" finished-at="2025-11-13T21:10:31 NPT" duration-ms="10363" status="PASS">
          <params>
            <param index="0">
              <value>
                <![CDATA[utils.CSVDataReader$Case@7428de63]]>
              </value>
            </param>
          </params>
          <reporter-output>
          </reporter-output>
        </test-method> <!-- runTest -->
        <test-method signature="runTest(utils.CSVDataReader$Case)[pri:0, instance:testcases.ChatGPTToCodeChefTest_WithTestNG@1e178745]" started-at="2025-11-13T21:10:31 NPT" name="runTest" data-provider="csvData" finished-at="2025-11-13T21:10:42 NPT" duration-ms="10279" status="PASS">
          <params>
            <param index="0">
              <value>
                <![CDATA[utils.CSVDataReader$Case@557286ad]]>
              </value>
            </param>
          </params>
          <reporter-output>
          </reporter-output>
        </test-method> <!-- runTest -->
        <test-method signature="runTest(utils.CSVDataReader$Case)[pri:0, instance:testcases.ChatGPTToCodeChefTest_WithTestNG@1e178745]" started-at="2025-11-13T21:10:42 NPT" name="runTest" data-provider="csvData" finished-at="2025-11-13T21:10:52 NPT" duration-ms="10280" status="PASS">
          <params>
            <param index="0">
              <value>
                <![CDATA[utils.CSVDataReader$Case@ab20d7c]]>
              </value>
            </param>
          </params>
          <reporter-output>
          </reporter-output>
        </test-method> <!-- runTest -->
        <test-method signature="runTest(utils.CSVDataReader$Case)[pri:0, instance:testcases.ChatGPTToCodeChefTest_WithTestNG@1e178745]" started-at="2025-11-13T21:10:52 NPT" name="runTest" data-provider="csvData" finished-at="2025-11-13T21:11:02 NPT" duration-ms="10256" status="PASS">
          <params>
            <param index="0">
              <value>
                <![CDATA[utils.CSVDataReader$Case@661c46bc]]>
              </value>
            </param>
          </params>
          <reporter-output>
          </reporter-output>
        </test-method> <!-- runTest -->
        <test-method is-config="true" signature="teardown()[pri:0, instance:testcases.ChatGPTToCodeChefTest_WithTestNG@1e178745]" started-at="2025-11-13T21:11:02 NPT" name="teardown" finished-at="2025-11-13T21:11:03 NPT" duration-ms="303" status="PASS">
          <reporter-output>
          </reporter-output>
        </test-method> <!-- teardown -->
      </class> <!-- testcases.ChatGPTToCodeChefTest_WithTestNG -->
    </test> <!-- Default test -->
  </suite> <!-- Default suite -->
</testng-results>
